app/build/intermediates/manifest_merge_blame_file/release/manifest-merger-blame-release-report.txt
1<?xml version="1.0" encoding="utf-8"?>
2<manifest xmlns:android="http://schemas.android.com/apk/res/android"
3    package="alcher.marathon.iitg"
4    android:versionCode="1"
5    android:versionName="1.0.0" >
6
7    <uses-sdk
8        android:minSdkVersion="21"
8-->src\main\AndroidManifest.xml
9        android:targetSdkVersion="30" />
9-->src\main\AndroidManifest.xml
10
11    <uses-permission android:name="android.permission.WAKE_LOCK" />
11-->src\main\AndroidManifest.xml:6:5-68
11-->src\main\AndroidManifest.xml:6:22-65
12
13    <application
13-->src\main\AndroidManifest.xml:8:5-27:19
14        android:icon="@drawable/icon"
14-->src\main\AndroidManifest.xml:8:18-47
15        android:label="@string/app_name" >
15-->src\main\AndroidManifest.xml:8:48-80
16        <activity
16-->src\main\AndroidManifest.xml:9:9-16:20
17            android:name="alcher.marathon.iitg.Pedometer"
17-->src\main\AndroidManifest.xml:9:19-64
18            android:configChanges="orientation"
18-->src\main\AndroidManifest.xml:11:19-54
19            android:label="@string/app_name" >
19-->src\main\AndroidManifest.xml:10:19-51
20            <intent-filter>
20-->src\main\AndroidManifest.xml:12:13-15:29
21                <action android:name="android.intent.action.MAIN" />
21-->src\main\AndroidManifest.xml:13:17-69
21-->src\main\AndroidManifest.xml:13:25-66
22
23                <category android:name="android.intent.category.LAUNCHER" />
23-->src\main\AndroidManifest.xml:14:17-77
23-->src\main\AndroidManifest.xml:14:27-74
24            </intent-filter>
25        </activity>
26        <activity
26-->src\main\AndroidManifest.xml:17:9-23:20
27            android:name="alcher.marathon.iitg.Settings"
27-->src\main\AndroidManifest.xml:17:19-63
28            android:label="@string/activity_settings" >
28-->src\main\AndroidManifest.xml:18:17-58
29            <intent-filter>
29-->src\main\AndroidManifest.xml:19:13-22:29
30                <action android:name="android.intent.action.MAIN" />
30-->src\main\AndroidManifest.xml:13:17-69
30-->src\main\AndroidManifest.xml:13:25-66
31
32                <category android:name="android.intent.category.DEFAULT" />
32-->src\main\AndroidManifest.xml:21:17-76
32-->src\main\AndroidManifest.xml:21:27-73
33            </intent-filter>
34        </activity>
35
36        <service android:name="alcher.marathon.iitg.StepService" />
36-->src\main\AndroidManifest.xml:25:9-67
36-->src\main\AndroidManifest.xml:25:18-65
37    </application>
38
39</manifest>